C251 COMPILER V5.57.0,  main                                                               21/02/23  22:04:59  PAGE 1   


C251 COMPILER V5.57.0, COMPILATION OF MODULE main
OBJECT MODULE PLACED IN .\Objects\main.obj
COMPILER INVOKED BY: D:\SoftWare\KeilC251\C251\BIN\C251.EXE main.c XSMALL BROWSE DEBUG PRINT(.\Listings\main.lst) TABS(2
                    -) OBJECT(.\Objects\main.obj) 

stmt  level    source

    1          //    @布丁橘长 2023/02/14
    2          //    使用定时器0-模式0-1T模式-预分频直接定时1秒
    3          //    8位共阳极数码管模块-74HC595级联驱动：第1、2位显示0-99计时，第7、8位显示99-0倒计时
    4          //    数码管模块引脚定义：DS(DIO):P6.6 SH(SCK):P6.5 ST(RCK):P6.4
    5          //    实验开发板：STC32G12K128-LQFP64 屠龙刀三.1 主频12MHz
    6          
    7          #include <STC32G.H>
    8          #include "config.h"
    9          #include "seg595.h"
   10          #include "delay.h"
   11          
   12          void Timer0_Init(void);   //定时器0初始化函数声明
   13          
   14          u8 number;        //数码管显示的数字
   15          
   16          void main()
   17          { 
   18   1        EAXFR = 1;      // 使能访问 XFR
   19   1        CKCON = 0x00;   // 设置外部数据总线速度为最快
   20   1        WTST = 0x00;    // 设置程序代码等待参数，等待时间为0个时钟，CPU执行程序速度最快
   21   1      
   22   1        P0M1 = 0x00;P0M0 = 0x00;    //设置P0口为准双向口模式 //00：准双向口 01：推挽输出 10：高阻输入 11：开漏输出
   23   1        P1M1 = 0x00;P1M0 = 0x00;    //设置P1口为准双向口模式 //00：准双向口 01：推挽输出 10：高阻输入 11：开漏输出
   24   1        P2M1 = 0x00;P2M0 = 0x00;    //设置P2口为准双向口模式 //00：准双向口 01：推挽输出 10：高阻输入 11：开漏输出
   25   1        P3M1 = 0x00;P3M0 = 0x00;    //设置P3口为准双向口模式 //00：准双向口 01：推挽输出 10：高阻输入 11：开漏输出
   26   1        P4M1 = 0x00;P4M0 = 0x00;    //设置P4口为准双向口模式 //00：准双向口 01：推挽输出 10：高阻输入 11：开漏输出
   27   1        P5M1 = 0x00;P5M0 = 0x00;    //设置P5口为准双向口模式 //00：准双向口 01：推挽输出 10：高阻输入 11：开漏输出
   28   1        P6M1 = 0x00;P6M0 = 0x00;    //设置P6口为准双向口模式 //00：准双向口 01：推挽输出 10：高阻输入 11：开漏输出
   29   1        P7M1 = 0x00;P7M0 = 0x00;    //设置P7口为准双向口模式 //00：准双向口 01：推挽输出 10：高阻输入 11：开漏输出
   30   1        
   31   1        Timer0_Init();    //定时器0初始化
   32   1        EA = 1;           //使能总中断  
   33   1        while(1)
   34   1        {
   35   2          if(number >= 10)
   36   2          {
   37   3            SEG_Disp((u8)(number/10),1);        //第1位显示0-99计时十位，当数字小于10，十位不显示
   38   3            delayms(1);
   39   3          }
   40   2          
   41   2          SEG_Disp((u8)(number%10),2);          //第2位显示0-99计时个位
   42   2          delayms(1);
   43   2          
   44   2          if(99-number >= 10)
   45   2          {
   46   3            SEG_Disp((u8)((99-number)/10),7);   //第7位显示99-0倒计时十位，当数字小于10，十位不显示
   47   3            delayms(1);
   48   3          }
   49   2          
   50   2          SEG_Disp((u8)((99-number)%10),8);     //第8位显示99-0倒计时个位
   51   2          delayms(1);
   52   2        }
   53   1      }
   54          void Timer0_Isr(void) interrupt 1   
   55          {
   56   1        number++;
   57   1        if(number > 99) number = 0;       //number最大值99
   58   1      }
C251 COMPILER V5.57.0,  main                                                               21/02/23  22:04:59  PAGE 2   

   59          
   60          void Timer0_Init(void)    //1秒@12.000MHz
   61          {
   62   1        TM0PS = 0xB7;           //设置定时器时钟预分频 ( 注意:并非所有系列都有此寄存器,详情请查看数据手册 )
   63   1        AUXR |= 0x80;           //定时器时钟1T模式
   64   1        TMOD &= 0xF0;           //设置定时器模式
   65   1        TL0 = 0x3F;             //设置定时初始值
   66   1        TH0 = 0x01;             //设置定时初始值
   67   1        TF0 = 0;                //清除TF0标志
   68   1        TR0 = 1;                //定时器0开始计时
   69   1        ET0 = 1;                //使能定时器0中断
   70   1      }


Module Information          Static   Overlayable
------------------------------------------------
  code size            =       246     ------
  ecode size           =    ------     ------
  data size            =    ------     ------
  idata size           =    ------     ------
  pdata size           =    ------     ------
  xdata size           =    ------     ------
  xdata-const size     =    ------     ------
  edata size           =         1     ------
  bit size             =    ------     ------
  ebit size            =    ------     ------
  bitaddressable size  =    ------     ------
  ebitaddressable size =    ------     ------
  far data size        =    ------     ------
  huge data size       =    ------     ------
  const size           =    ------     ------
  hconst size          =    ------     ------
End of Module Information.


C251 COMPILATION COMPLETE.  0 WARNING(S),  0 ERROR(S)
