C251 COMPILER V5.57.0,  main                                                               14/01/23  18:29:29  PAGE 1   


C251 COMPILER V5.57.0, COMPILATION OF MODULE main
OBJECT MODULE PLACED IN .\Objects\main.obj
COMPILER INVOKED BY: D:\SoftWare\KeilARM\C251\BIN\C251.EXE main.c XSMALL BROWSE DEBUG PRINT(.\Listings\main.lst) TABS(2)
                    - OBJECT(.\Objects\main.obj) 

stmt  level    source

    1          //    @布丁橘长 2022/11/15
    2          //    点亮共阴极LED电路实验。
    3          //    LED电路由8个LED共阴极连接，每个LED配一个限流电阻。公共端接GND，高电平点亮。
    4          //    LED引脚定义：P20-LED1 P21-LED2 P22-LED3 P23-LED4 P24-LED5 P25-LED6 P26-LED7 P27-LED8
    5          //    准双向口模式输出高电平时，可以点亮LED，但驱动能力很弱，LED亮度较低
    6          //    本实验采用推挽输出，高电平点亮8个LED
    7          //    实验开发板：STC32G12K128-LQFP64 屠龙刀三.1  // STC32G12K128-Beta-LQFP48 降龙棍
    8          
    9          #include <STC32G.H>
   10          
   11          #define ON  1       //共阴LED，高电平点亮
   12          #define OFF 0       //共阴LED，低电平点亮
   13          
   14          sbit LED1 = P2^0;   //引脚定义：LED1->P20
   15          sbit LED2 = P2^1;   //引脚定义：LED2->P21
   16          sbit LED3 = P2^2;   //引脚定义：LED3->P22
   17          sbit LED4 = P2^3;   //引脚定义：LED4->P23
   18          sbit LED5 = P2^4;   //引脚定义：LED5->P24
   19          sbit LED6 = P2^5;   //引脚定义：LED6->P25
   20          sbit LED7 = P2^6;   //引脚定义：LED7->P26
   21          sbit LED8 = P2^7;   //引脚定义：LED8->P27
   22          
   23          void main()
   24          {
   25   1        P0M1 = 0x00;P0M0 = 0x00;    //设置P0口为准双向口模式 00：准双向口 01：推挽输出 10：高阻输入 11：开漏输出
   26   1        P1M1 = 0x00;P1M0 = 0x00;    //设置P1口为准双向口模式 00：准双向口 01：推挽输出 10：高阻输入 11：开漏输出
   27   1        P2M1 = 0x00;P2M0 = 0x00;    //设置P2口为准双向口模式 00：准双向口 01：推挽输出 10：高阻输入 11：开漏输出
   28   1        P3M1 = 0x00;P3M0 = 0x00;    //设置P3口为准双向口模式 00：准双向口 01：推挽输出 10：高阻输入 11：开漏输出
   29   1        P4M1 = 0x00;P4M0 = 0x00;    //设置P4口为准双向口模式 00：准双向口 01：推挽输出 10：高阻输入 11：开漏输出
   30   1        P5M1 = 0x00;P5M0 = 0x00;    //设置P5口为准双向口模式 00：准双向口 01：推挽输出 10：高阻输入 11：开漏输出
   31   1        P6M1 = 0x00;P6M0 = 0x00;    //设置P6口为准双向口模式 00：准双向口 01：推挽输出 10：高阻输入 11：开漏输出
   32   1        P7M1 = 0x00;P7M0 = 0x00;    //设置P7口为准双向口模式 00：准双向口 01：推挽输出 10：高阻输入 11：开漏输出
   33   1        
   34   1        P2 = 0x00;    //推挽输出默认高电平，先拉低P2口,否则LED直接点亮
   35   1        
   36   1        while(1)
   37   1        {
   38   2          LED1 = ON;    //点亮LED1
   39   2          LED2 = ON;    //点亮LED2
   40   2          LED3 = ON;    //点亮LED3
   41   2          LED4 = ON;    //点亮LED4  
   42   2          LED5 = ON;    //点亮LED5
   43   2          LED6 = ON;    //点亮LED6
   44   2          LED7 = ON;    //点亮LED7
   45   2          LED8 = ON;    //点亮LED8
   46   2      
   47   2      //    LED1 = OFF;   //熄灭LED1
   48   2      //    LED2 = OFF;   //熄灭LED2
   49   2      //    LED3 = OFF;   //熄灭LED3
   50   2      //    LED4 = OFF;   //熄灭LED4
   51   2      //    LED5 = OFF;   //熄灭LED5
   52   2      //    LED6 = OFF;   //熄灭LED6
   53   2      //    LED7 = OFF;   //熄灭LED7
   54   2      //    LED8 = OFF;   //熄灭LED8
   55   2        }
   56   1      }


C251 COMPILER V5.57.0,  main                                                               14/01/23  18:29:29  PAGE 2   

Module Information          Static   Overlayable
------------------------------------------------
  code size            =        69     ------
  ecode size           =    ------     ------
  data size            =    ------     ------
  idata size           =    ------     ------
  pdata size           =    ------     ------
  xdata size           =    ------     ------
  xdata-const size     =    ------     ------
  edata size           =    ------     ------
  bit size             =    ------     ------
  ebit size            =    ------     ------
  bitaddressable size  =    ------     ------
  ebitaddressable size =    ------     ------
  far data size        =    ------     ------
  huge data size       =    ------     ------
  const size           =    ------     ------
  hconst size          =    ------     ------
End of Module Information.


C251 COMPILATION COMPLETE.  0 WARNING(S),  0 ERROR(S)
