C251 COMPILER V5.57.0,  I2C                                                                10/05/23  03:12:22  PAGE 1   


C251 COMPILER V5.57.0, COMPILATION OF MODULE I2C
OBJECT MODULE PLACED IN .\Objects\I2C.obj
COMPILER INVOKED BY: D:\SoftWare\KeilC251\C251\BIN\C251.EXE I2C.c XSMALL INTR2 BROWSE DEBUG PRINT(.\Listings\I2C.lst) TA
                    -BS(2) OBJECT(.\Objects\I2C.obj) 

stmt  level    source

    1          #include "I2C.h"
    2          
    3          bit busy;
    4          
    5          void I2C_Isr() interrupt 24
    6          {
    7   1        if (I2CMSST & 0x40)
    8   1        {
    9   2          I2CMSST &= ~0x40; // 清中断标志
   10   2          busy = 0;
   11   2        }
   12   1      }
   13          void I2C_Start(void) 
   14          {
   15   1        busy = 1;
   16   1        I2CMSCR = 0x81; // 发送 START 命令
   17   1        while (busy);
   18   1      }
   19          void I2C_WriteAbyte(unsigned char dat)
   20          {
   21   1        I2CTXD = dat; // 写数据到数据缓冲区
   22   1        busy = 1;
   23   1        I2CMSCR = 0x82; // 发送 SEND 命令
   24   1        while (busy);
   25   1      }
   26          void I2C_Check_ACK(void)
   27          {
   28   1        busy = 1;
   29   1        I2CMSCR = 0x83; // 发送读 ACK 命令
   30   1        while (busy);
   31   1      }
   32          char I2C_ReadAbyte(void) 
   33          {
   34   1        busy = 1;
   35   1        I2CMSCR = 0x84; // 发送 RECV 命令
   36   1        while (busy);
   37   1        return I2CRXD;
   38   1      }
   39          void S_ACK(void) 
   40          {
   41   1        I2CMSST = 0x00; // 设置 ACK 信号
   42   1        busy = 1;
   43   1        I2CMSCR = 0x85; // 发送 ACK 命令
   44   1        while (busy);
   45   1      }
   46          void S_NoACK(void)
   47          {
   48   1        I2CMSST = 0x01; // 设置 NAK 信号
   49   1        busy = 1;
   50   1        I2CMSCR = 0x85; // 发送 ACK 命令
   51   1        while (busy);
   52   1      }
   53          void I2C_Stop(void)
   54          {
   55   1        busy = 1;
   56   1        I2CMSCR = 0x86; // 发送 STOP 命令
   57   1        while (busy);
   58   1      }
C251 COMPILER V5.57.0,  I2C                                                                10/05/23  03:12:22  PAGE 2   



Module Information          Static   Overlayable
------------------------------------------------
  code size            =       210     ------
  ecode size           =    ------     ------
  data size            =    ------     ------
  idata size           =    ------     ------
  pdata size           =    ------     ------
  xdata size           =    ------     ------
  xdata-const size     =    ------     ------
  edata size           =    ------     ------
  bit size             =         1     ------
  ebit size            =    ------     ------
  bitaddressable size  =    ------     ------
  ebitaddressable size =    ------     ------
  far data size        =    ------     ------
  huge data size       =    ------     ------
  const size           =    ------     ------
  hconst size          =    ------     ------
End of Module Information.


C251 COMPILATION COMPLETE.  0 WARNING(S),  0 ERROR(S)
