C251 COMPILER V5.57.0,  main                                                               07/02/23  14:04:27  PAGE 1   


C251 COMPILER V5.57.0, COMPILATION OF MODULE main
OBJECT MODULE PLACED IN .\Objects\main.obj
COMPILER INVOKED BY: D:\SoftWare\KeilARM\C251\BIN\C251.EXE main.c XSMALL BROWSE DEBUG PRINT(.\Listings\main.lst) TABS(2)
                    - OBJECT(.\Objects\main.obj) 

stmt  level    source

    1          //  @布丁橘长 2023/02/07
    2          //  模块化编程-config.h delay.c delay.h seg595.c seg595.h制作
    3          //  数码管左边第1位，循环显示0-9
    4          //  595驱动数码管模块-8位共阳极，引脚定义：DS(DIO):P6.6 SH(SCK):P6.5 ST(RCK):P6.4
    5          //  基于STC32G12K128-LQFP64 屠龙刀开发板 主频35MHz
    6          
    7          #include <STC32G.H>           //STC32G头文件
    8          #include <config.h>           //配置头文件（主频定义、数据类型定义等）
    9          #include <Delay.h>            //延时模块头文件
   10          #include <Seg595.h>           //595驱动数码管模块头文件
   11          
   12          void main()
   13          {
   14   1        u8 number;        //数码管显示的数字
   15   1        
   16   1        EAXFR = 1;        //使能XFR访问
   17   1        CKCON = 0x00;     //设置外部数据总线速度最快
   18   1        WTST = 0x00;      //设置程序读取等待时间为0个时钟，CPU执行程序速度最快
   19   1        
   20   1        P0M1 = 0x00;P0M0 = 0x00;    //设置P0口为准双向口模式 00：准双向口 01：推挽输出 10：高阻输入 11：开漏输出
   21   1        P1M1 = 0x00;P1M0 = 0x00;    //设置P1口为准双向口模式 00：准双向口 01：推挽输出 10：高阻输入 11：开漏输出
   22   1        P2M1 = 0x00;P2M0 = 0x00;    //设置P2口为准双向口模式 00：准双向口 01：推挽输出 10：高阻输入 11：开漏输出
   23   1        P3M1 = 0x00;P3M0 = 0x00;    //设置P3口为准双向口模式 00：准双向口 01：推挽输出 10：高阻输入 11：开漏输出
   24   1        P4M1 = 0x00;P4M0 = 0x00;    //设置P4口为准双向口模式 00：准双向口 01：推挽输出 10：高阻输入 11：开漏输出
   25   1        P5M1 = 0x00;P5M0 = 0x00;    //设置P5口为准双向口模式 00：准双向口 01：推挽输出 10：高阻输入 11：开漏输出
   26   1        P6M1 = 0x00;P6M0 = 0x00;    //设置P6口为准双向口模式 00：准双向口 01：推挽输出 10：高阻输入 11：开漏输出
   27   1        
   28   1        while(1)
   29   1        {
   30   2          SEG_Disp(number,1);           //数码管左边第1位显示数字number值
   31   2          delayms(300);                 //延时300毫秒
   32   2          number++;                     //number加1
   33   2          if(number > 9) number = 0;    //number>9清零number
   34   2        }
   35   1      }


Module Information          Static   Overlayable
------------------------------------------------
  code size            =        77     ------
  ecode size           =    ------     ------
  data size            =    ------     ------
  idata size           =    ------     ------
  pdata size           =    ------     ------
  xdata size           =    ------     ------
  xdata-const size     =    ------     ------
  edata size           =    ------     ------
  bit size             =    ------     ------
  ebit size            =    ------     ------
  bitaddressable size  =    ------     ------
  ebitaddressable size =    ------     ------
  far data size        =    ------     ------
  huge data size       =    ------     ------
  const size           =    ------     ------
  hconst size          =    ------     ------
End of Module Information.


C251 COMPILATION COMPLETE.  0 WARNING(S),  0 ERROR(S)
