C251 COMPILER V5.57.0,  main                                                               21/02/23  21:57:35  PAGE 1   


C251 COMPILER V5.57.0, COMPILATION OF MODULE main
OBJECT MODULE PLACED IN .\Objects\main.obj
COMPILER INVOKED BY: D:\SoftWare\KeilC251\C251\BIN\C251.EXE main.c XSMALL BROWSE DEBUG PRINT(.\Listings\main.lst) TABS(2
                    -) OBJECT(.\Objects\main.obj) 

stmt  level    source

    1          //    @布丁橘长 2023/02/12
    2          //    定时器4-外部计数-查询寄存器法-P0.6按键每按一次，中断一次，number+1，数码管显示按键次数（number值）
    3          //    定时器4外部引脚T4-P0.6
    4          //    8位共阳极数码管模块-74HC595级联驱动：DS(DIO):P6.6 SH(SCK):P6.5 ST(RCK):P6.4
    5          //    实验开发板：STC32G12K128-LQFP64 屠龙刀三.1 主频12MHz
    6          
    7          #include <STC32G.H>
    8          #include "config.h"
    9          #include "Seg595.h"
   10          #include "Delay.h"
   11          
   12          sbit LED1 = P2^0;   //引脚定义：LED1->P20
   13          sbit LED2 = P2^1;   //引脚定义：LED2->P21
   14          sbit LED3 = P2^2;   //引脚定义：LED3->P22
   15          sbit LED4 = P2^3;   //引脚定义：LED4->P23
   16          sbit LED5 = P2^4;   //引脚定义：LED5->P24
   17          sbit LED6 = P2^5;   //引脚定义：LED6->P25
   18          sbit LED7 = P2^6;   //引脚定义：LED7->P26
   19          sbit LED8 = P2^7;   //引脚定义：LED8->P27
   20          
   21          void Timer4_Init(void);   //定时器4初始化函数声明
   22          
   23          u8 number;        //计数值
   24          
   25          void main()
   26          { 
   27   1        EAXFR = 1;      // 使能访问 XFR
   28   1        CKCON = 0x00;   // 设置外部数据总线速度为最快
   29   1        WTST = 0x00;    // 设置程序代码等待参数，等待时间为0个时钟，CPU执行程序速度最快
   30   1      
   31   1        P0M1 = 0x00;P0M0 = 0x00;    //设置P0口为准双向口模式 //00：准双向口 01：推挽输出 10：高阻输入 11：开漏输出
   32   1        P1M1 = 0x00;P1M0 = 0x00;    //设置P1口为准双向口模式 //00：准双向口 01：推挽输出 10：高阻输入 11：开漏输出
   33   1        P2M1 = 0x00;P2M0 = 0x00;    //设置P2口为准双向口模式 //00：准双向口 01：推挽输出 10：高阻输入 11：开漏输出
   34   1        P3M1 = 0x00;P3M0 = 0x00;    //设置P3口为准双向口模式 //00：准双向口 01：推挽输出 10：高阻输入 11：开漏输出
   35   1        P4M1 = 0x00;P4M0 = 0x00;    //设置P4口为准双向口模式 //00：准双向口 01：推挽输出 10：高阻输入 11：开漏输出
   36   1        P5M1 = 0x00;P5M0 = 0x00;    //设置P5口为准双向口模式 //00：准双向口 01：推挽输出 10：高阻输入 11：开漏输出
   37   1        P6M1 = 0x00;P6M0 = 0x00;    //设置P6口为准双向口模式 //00：准双向口 01：推挽输出 10：高阻输入 11：开漏输出
   38   1        P7M1 = 0x00;P7M0 = 0x00;    //设置P7口为准双向口模式 //00：准双向口 01：推挽输出 10：高阻输入 11：开漏输出
   39   1        
   40   1        Timer4_Init();    //定时器4初始化
   41   1        EA = 1;           //使能总中断
   42   1        
   43   1        while(1)
   44   1        {
   45   2          number = T4H*256 + T4L;         //从T4H、T4L获取计数值
   46   2          
   47   2          SEG_Disp((u8)(number/10),7);
   48   2          delayms(1);
   49   2          SEG_Disp((u8)(number%10),8);
   50   2          delayms(1);
   51   2        }   
   52   1      }
   53          void Timer4_Init(void)
   54          {
   55   1        T4_CT = 1;        //设置定时器4-外部计数模式
   56   1        T4L = 0x00;       //设置定时初始值
   57   1        T4H = 0x00;       //设置定时初始值（计数1次就溢出，中断）
   58   1        T4R = 1;          //定时器4开始计数
C251 COMPILER V5.57.0,  main                                                               21/02/23  21:57:35  PAGE 2   

   59   1      }


Module Information          Static   Overlayable
------------------------------------------------
  code size            =       141     ------
  ecode size           =    ------     ------
  data size            =    ------     ------
  idata size           =    ------     ------
  pdata size           =    ------     ------
  xdata size           =    ------     ------
  xdata-const size     =    ------     ------
  edata size           =         1     ------
  bit size             =    ------     ------
  ebit size            =    ------     ------
  bitaddressable size  =    ------     ------
  ebitaddressable size =    ------     ------
  far data size        =    ------     ------
  huge data size       =    ------     ------
  const size           =    ------     ------
  hconst size          =    ------     ------
End of Module Information.


C251 COMPILATION COMPLETE.  0 WARNING(S),  0 ERROR(S)
