C251 COMPILER V5.57.0,  main                                                               13/02/23  23:08:04  PAGE 1   


C251 COMPILER V5.57.0, COMPILATION OF MODULE main
OBJECT MODULE PLACED IN .\Objects\main.obj
COMPILER INVOKED BY: D:\SoftWare\KeilARM\C251\BIN\C251.EXE main.c XSMALL BROWSE DEBUG PRINT(.\Listings\main.lst) TABS(2)
                    - OBJECT(.\Objects\main.obj) 

stmt  level    source

    1          //    @布丁橘长 2023/02/13
    2          //    定时器1-1T-模式0-16位自动重装载模式-时钟分频输出
    3          //    P3.4为T1CLKO-时钟输出引脚，当定时器 1 计数发生溢出时，P3.4 口的电平自动发生翻转。
    4          //    本实验定时器1定时500微秒，时钟输出引脚T1CKLO（P3.4）：时钟周期-1毫秒，频率-1KHz
    5          //    实验开发板：STC32G12K128-LQFP64 屠龙刀三.1 12MHz
    6          
    7          #include <STC32G.H>
    8          
    9          void Timer1_Init(void);   //定时器1初始化函数声明
   10          
   11          void main()
   12          { 
   13   1        EAXFR = 1;      // 使能访问 XFR
   14   1        CKCON = 0x00;   // 设置外部数据总线速度为最快
   15   1        WTST = 0x00;    // 设置程序代码等待参数，等待时间为0个时钟，CPU执行程序速度最快
   16   1      
   17   1        P0M1 = 0x00;P0M0 = 0x00;    //设置P0口为准双向口模式 //00：准双向口 01：推挽输出 10：高阻输入 11：开漏输出
   18   1        P1M1 = 0x00;P1M0 = 0x00;    //设置P1口为准双向口模式 //00：准双向口 01：推挽输出 10：高阻输入 11：开漏输出
   19   1        P2M1 = 0x00;P2M0 = 0x00;    //设置P2口为准双向口模式 //00：准双向口 01：推挽输出 10：高阻输入 11：开漏输出
   20   1        P3M1 = 0x00;P3M0 = 0x00;    //设置P3口为准双向口模式 //00：准双向口 01：推挽输出 10：高阻输入 11：开漏输出
   21   1        P4M1 = 0x00;P4M0 = 0x00;    //设置P4口为准双向口模式 //00：准双向口 01：推挽输出 10：高阻输入 11：开漏输出
   22   1        P5M1 = 0x00;P5M0 = 0x00;    //设置P5口为准双向口模式 //00：准双向口 01：推挽输出 10：高阻输入 11：开漏输出
   23   1        P6M1 = 0x00;P6M0 = 0x00;    //设置P6口为准双向口模式 //00：准双向口 01：推挽输出 10：高阻输入 11：开漏输出
   24   1        P7M1 = 0x00;P7M0 = 0x00;    //设置P7口为准双向口模式 //00：准双向口 01：推挽输出 10：高阻输入 11：开漏输出
   25   1        
   26   1        Timer1_Init();
   27   1        T1CLKO = 1;  //使能T1时钟输出
   28   1        
   29   1        while(1);
   30   1      }
   31          void Timer1_Init(void)    //500微秒@12.000MHz
   32          {
   33   1        T1x12 = 1;              //定时器时钟1T模式
   34   1        TMOD &= 0x0F;           //设置定时器模式
   35   1        TL1 = 0x90;             //设置定时初始值
   36   1        TH1 = 0xE8;             //设置定时初始值
   37   1        TF1 = 0;                //清除TF1标志
   38   1        TR1 = 1;                //定时器1开始计时
   39   1      }


Module Information          Static   Overlayable
------------------------------------------------
  code size            =        82     ------
  ecode size           =    ------     ------
  data size            =    ------     ------
  idata size           =    ------     ------
  pdata size           =    ------     ------
  xdata size           =    ------     ------
  xdata-const size     =    ------     ------
  edata size           =    ------     ------
  bit size             =    ------     ------
  ebit size            =    ------     ------
  bitaddressable size  =    ------     ------
  ebitaddressable size =    ------     ------
  far data size        =    ------     ------
  huge data size       =    ------     ------
  const size           =    ------     ------
  hconst size          =    ------     ------
C251 COMPILER V5.57.0,  main                                                               13/02/23  23:08:04  PAGE 2   

End of Module Information.


C251 COMPILATION COMPLETE.  0 WARNING(S),  0 ERROR(S)
