C251 COMPILER V5.57.0,  main                                                               02/02/23  23:21:27  PAGE 1   


C251 COMPILER V5.57.0, COMPILATION OF MODULE main
OBJECT MODULE PLACED IN .\Objects\main.obj
COMPILER INVOKED BY: D:\SoftWare\KeilARM\C251\BIN\C251.EXE main.c XSMALL BROWSE DEBUG PRINT(.\Listings\main.lst) TABS(2)
                    - OBJECT(.\Objects\main.obj) 

stmt  level    source

    1          //    @布丁橘长 2023/02/02
    2          //    独立按键-按键KEY1点亮LED1，按键KEY2熄灭LED1，按键KEY3点亮8个LED，按键KEY4熄灭8个LED
    3          //    开发板板载按键：KEY1-P3.2，KEY2-P3.3，KEY3-P3.4，KEY4-P3.5
    4          //    开发板板载LED：LED1-P2.0，LED2-P2.1，LEDF3-P2.2，LED4-P2.3，LED5-P2.4，LED6-P2.5，LED7-P2.6，LED8-P2.
             -7
    5          //    实验开发板：STC32G12K128-LQFP64 屠龙刀三.1  35MHz
    6          
    7          #include <STC32G.H>
    8          
    9          #define MAIN_Fosc 35000000UL    //定义主频35MHz，请根据实际使用频率修改（用于delay函数自适应主频）
   10          
   11          typedef unsigned char u8;       //unsigned char     类型用 u8 表示
   12          typedef unsigned int u16;       //unsigned int      类型用 u16表示
   13          typedef unsigned long int u32;  //unsigned long int 类型用 u32表示
   14          
   15          sbit LED1 = P2^0;   //板载LED，LED1-P2.0
   16          sbit KEY1 = P3^2;   //板载按键，KEY1-P3.2
   17          sbit KEY2 = P3^3;   //板载按键，KEY2-P3.3
   18          sbit KEY3 = P3^4;   //板载按键，KEY3-P3.4
   19          sbit KEY4 = P3^5;   //板载按键，KEY4-P3.5
   20          
   21          #define ON 0          //共阳极LED电路，低电平点亮，用ON表示
   22          #define OFF 1         //共阳极LED电路，高电平熄灭，用OFF表示
   23          
   24          void delayms(u16 ms);   //延时函数声明
   25          void keyscan();         //按键扫描函数      
   26            
   27          void main()
   28          {
   29   1        EAXFR = 1;        //使能XFR访问
   30   1        CKCON = 0x00;     //设置外部数据总线速度最快
   31   1        WTST = 0x00;      //设置程序读取等待时间为0个时钟，CPU执行程序速度最快
   32   1        
   33   1        P0M1 = 0x00;P0M0 = 0x00;    //设置P0口为准双向口模式 00：准双向口 01：推挽输出 10：高阻输入 11：开漏输出
   34   1        P1M1 = 0x00;P1M0 = 0x00;    //设置P1口为准双向口模式 00：准双向口 01：推挽输出 10：高阻输入 11：开漏输出
   35   1        P2M1 = 0x00;P2M0 = 0x00;    //设置P2口为准双向口模式 00：准双向口 01：推挽输出 10：高阻输入 11：开漏输出
   36   1        P3M1 = 0x00;P3M0 = 0x00;    //设置P3口为准双向口模式 00：准双向口 01：推挽输出 10：高阻输入 11：开漏输出
   37   1        
   38   1        while(1)
   39   1        {
   40   2          keyscan();
   41   2        }
   42   1      }
   43          
   44          void  delayms(u16 ms)   //简单延时函数，自适应主频，1毫秒*ms
   45          {
   46   1        u16 i;
   47   1        do{
   48   2            i = MAIN_Fosc / 6000;
   49   2            while(--i);
   50   2          }while(--ms);
   51   1      }
   52          void keyscan()
   53          {
   54   1        if(KEY1 == 0)         //判断按键KEY1是否按下
   55   1        { 
   56   2          delayms(10);        //延时消抖
   57   2          if(KEY1 == 0)       //再次判断KEY1是否按下
C251 COMPILER V5.57.0,  main                                                               02/02/23  23:21:27  PAGE 2   

   58   2          {
   59   3            LED1 = 0;         //共阳极LED电路，低电平点亮，点亮LED1
   60   3          }
   61   2        }
   62   1        if(KEY2 == 0)         //判断按键KEY2是否按下
   63   1        {
   64   2          delayms(10);        //延时消抖
   65   2          if(KEY2 == 0)       //再次判断KEY1是否按下
   66   2          {
   67   3            LED1 = 1;         //共阳极LED电路，高电平熄灭，熄灭LED1
   68   3          }
   69   2        }
   70   1        if(KEY3 == 0)         //判断按键KEY3是否按下
   71   1        {
   72   2          delayms(10);        //延时消抖
   73   2          if(KEY3 == 0)       //再次判断KEY1是否按下
   74   2          {
   75   3            P2 = 0x00;        //共阳极LED电路，点亮P2口所有LED
   76   3          }
   77   2        }
   78   1        if(KEY4 == 0)         //判断按键KEY4是否按下
   79   1        {
   80   2          delayms(10);        //延时消抖
   81   2          if(KEY4 == 0)       //再次判断KEY1是否按下
   82   2          {
   83   3            P2 = 0xFF;        //共阳极LED电路，熄灭P2口所有LED
   84   3          }
   85   2        }
   86   1      }


Module Information          Static   Overlayable
------------------------------------------------
  code size            =       147     ------
  ecode size           =    ------     ------
  data size            =    ------     ------
  idata size           =    ------     ------
  pdata size           =    ------     ------
  xdata size           =    ------     ------
  xdata-const size     =    ------     ------
  edata size           =    ------     ------
  bit size             =    ------     ------
  ebit size            =    ------     ------
  bitaddressable size  =    ------     ------
  ebitaddressable size =    ------     ------
  far data size        =    ------     ------
  huge data size       =    ------     ------
  const size           =    ------     ------
  hconst size          =    ------     ------
End of Module Information.


C251 COMPILATION COMPLETE.  0 WARNING(S),  0 ERROR(S)
